<?xml version="1.0" encoding="UTF-8"?>
<robot generator="Robot 7.4.2 (Python 3.14.5 on win32)" generated="2026-06-15T19:30:45.837892" rpa="false" schemaversion="5">
<suite id="s1" name="TestCases" source="C:\Users\SURYA\PycharmProjects\Automation\TestCases">
<suite id="s1-s1" name="EX04 Admin UserManagement" source="C:\Users\SURYA\PycharmProjects\Automation\TestCases\EX04_Admin_UserManagement.robot">
<test id="s1-s1-t1" name="Add and Verify a System User" line="9">
<kw name="Open the OrangeHRM application and login with valid credentials" owner="CommonKeywords" type="SETUP">
<kw name="Create Webdriver" owner="SeleniumLibrary">
<msg time="2026-06-15T19:30:52.524457" level="INFO">Creating an instance of the Edge WebDriver.</msg>
<arg>${browser}</arg>
<doc>Creates an instance of Selenium WebDriver.</doc>
<status status="PASS" start="2026-06-15T19:30:52.296560" elapsed="16.172709"/>
</kw>
<kw name="Maximize Browser Window" owner="SeleniumLibrary">
<doc>Maximizes current browser window.</doc>
<status status="PASS" start="2026-06-15T19:31:08.469832" elapsed="0.201707"/>
</kw>
<kw name="Set Selenium Speed" owner="SeleniumLibrary">
<arg>0.5 seconds</arg>
<doc>Sets the delay that is waited after each Selenium command.</doc>
<status status="PASS" start="2026-06-15T19:31:08.671870" elapsed="0.000469"/>
</kw>
<kw name="Go To" owner="SeleniumLibrary">
<msg time="2026-06-15T19:31:08.672882" level="INFO">Opening url 'https://opensource-demo.orangehrmlive.com/web/index.php/auth/login'</msg>
<arg>${url}</arg>
<doc>Navigates the current browser window to the provided ``url``.</doc>
<status status="PASS" start="2026-06-15T19:31:08.672583" elapsed="18.770687"/>
</kw>
<kw name="Wait Until Element Is Visible" owner="SeleniumLibrary">
<msg time="2026-06-15T19:31:27.446852" level="WARN">Keyword 'Capture Page Screenshot' could not be run on failure: Message: no such window: target window already closed
from unknown error: web view not found
  (Session info: MicrosoftEdge=149.0.4022.69)
Stacktrace:
	msedgedriver!GetHandleVerifier [0x7ff62bd06925+e305]
	msedgedriver!GetHandleVerifier [0x7ff62bd06984+e364]
	msedgedriver!GetHandleVerifier [0x7ff62c3888fa+6902da]
	msedgedriver!(No symbol) [0x7ff62b69835d]
	msedgedriver!(No symbol) [0x7ff62b72303e]
	msedgedriver!(No symbol) [0x7ff62b73936f]
	msedgedriver!(No symbol) [0x7ff62b6f485c]
	msedgedriver!(No symbol) [0x7ff62b6f3ab6]
	msedgedriver!(No symbol) [0x7ff62b6f4683]
	msedgedriver!(No symbol) [0x7ff62b942ca1]
	msedgedriver!(No symbol) [0x7ff62b93f3f8]
	msedgedriver!(No symbol) [0x7ff62b94fe85]
	msedgedriver!GetHandleVerifier [0x7ff62bd228d1+2a2b1]
	msedgedriver!GetHandleVerifier [0x7ff62bd2b676+33056]
	msedgedriver!GetHandleVerifier [0x7ff62bd0e3e4+15dc4]
	msedgedriver!GetHandleVerifier [0x7ff62bd0e505+15ee5]
	msedgedriver!GetHandleVerifier [0x7ff62bcfab13+24f3]
	KERNEL32!BaseThreadInitThunk [0x7ff86926e957+17]
	ntdll!RtlUserThreadStart [0x7ff86a607c1c+2c]
</msg>
<msg time="2026-06-15T19:31:27.447147" level="FAIL">NoSuchWindowException: Message: no such window: target window already closed
from unknown error: web view not found
  (Session info: MicrosoftEdge=149.0.4022.69)
Stacktrace:
	msedgedriver!GetHandleVerifier [0x7ff62bd06925+e305]
	msedgedriver!GetHandleVerifier [0x7ff62bd06984+e364]
	msedgedriver!GetHandleVerifier [0x7ff62c3888fa+6902da]
	msedgedriver!(No symbol) [0x7ff62b69835d]
	msedgedriver!(No symbol) [0x7ff62b72303e]
	msedgedriver!(No symbol) [0x7ff62b73936f]
	msedgedriver!(No symbol) [0x7ff62b6f485c]
	msedgedriver!(No symbol) [0x7ff62b6f3ab6]
	msedgedriver!(No symbol) [0x7ff62b6f4683]
	msedgedriver!(No symbol) [0x7ff62b942ca1]
	msedgedriver!(No symbol) [0x7ff62b93f3f8]
	msedgedriver!(No symbol) [0x7ff62b94fe85]
	msedgedriver!GetHandleVerifier [0x7ff62bd228d1+2a2b1]
	msedgedriver!GetHandleVerifier [0x7ff62bd2b676+33056]
	msedgedriver!GetHandleVerifier [0x7ff62bd0e3e4+15dc4]
	msedgedriver!GetHandleVerifier [0x7ff62bd0e505+15ee5]
	msedgedriver!GetHandleVerifier [0x7ff62bcfab13+24f3]
	KERNEL32!BaseThreadInitThunk [0x7ff86926e957+17]
	ntdll!RtlUserThreadStart [0x7ff86a607c1c+2c]
</msg>
<arg>${username-loc}</arg>
<doc>Waits until the element ``locator`` is visible.</doc>
<status status="FAIL" start="2026-06-15T19:31:27.443789" elapsed="0.885430">NoSuchWindowException: Message: no such window: target window already closed
from unknown error: web view not found
  (Session info: MicrosoftEdge=149.0.4022.69)
Stacktrace:
	msedgedriver!GetHandleVerifier [0x7ff62bd06925+e305]
	msedgedriver!GetHandleVerifier [0x7ff62bd06984+e364]
	msedgedriver!GetHandleVerifier [0x7ff62c3888fa+6902da]
	msedgedriver!(No symbol) [0x7ff62b69835d]
	msedgedriver!(No symbol) [0x7ff62b72303e]
	msedgedriver!(No symbol) [0x7ff62b73936f]
	msedgedriver!(No symbol) [0x7ff62b6f485c]
	msedgedriver!(No symbol) [0x7ff62b6f3ab6]
	msedgedriver!(No symbol) [0x7ff62b6f4683]
	msedgedriver!(No symbol) [0x7ff62b942ca1]
	msedgedriver!(No symbol) [0x7ff62b93f3f8]
	msedgedriver!(No symbol) [0x7ff62b94fe85]
	msedgedriver!GetHandleVerifier [0x7ff62bd228d1+2a2b1]
	msedgedriver!GetHandleVerifier [0x7ff62bd2b676+33056]
	msedgedriver!GetHandleVerifier [0x7ff62bd0e3e4+15dc4]
	msedgedriver!GetHandleVerifier [0x7ff62bd0e505+15ee5]
	msedgedriver!GetHandleVerifier [0x7ff62bcfab13+24f3]
	KERNEL32!BaseThreadInitThunk [0x7ff86926e957+17]
	ntdll!RtlUserThreadStart [0x7ff86a607c1c+2c]
</status>
</kw>
<kw name="Input Text" owner="SeleniumLibrary">
<arg>${username-loc}</arg>
<arg>${validusername}</arg>
<doc>Types the given ``text`` into the text field identified by ``locator``.</doc>
<status status="NOT RUN" start="2026-06-15T19:31:28.329534" elapsed="0.000059"/>
</kw>
<kw name="Input Password" owner="SeleniumLibrary">
<arg>${password-loc}</arg>
<arg>${validpwd}</arg>
<doc>Types the given password into the text field identified by ``locator``.</doc>
<status status="NOT RUN" start="2026-06-15T19:31:28.329781" elapsed="0.000046"/>
</kw>
<kw name="Click Button" owner="SeleniumLibrary">
<arg>${submitbtn-loc}</arg>
<doc>Clicks the button identified by ``locator``.</doc>
<status status="NOT RUN" start="2026-06-15T19:31:28.329999" elapsed="0.000042"/>
</kw>
<status status="FAIL" start="2026-06-15T19:30:52.294222" elapsed="36.036051">NoSuchWindowException: Message: no such window: target window already closed
from unknown error: web view not found
  (Session info: MicrosoftEdge=149.0.4022.69)
Stacktrace:
	msedgedriver!GetHandleVerifier [0x7ff62bd06925+e305]
	msedgedriver!GetHandleVerifier [0x7ff62bd06984+e364]
	msedgedriver!GetHandleVerifier [0x7ff62c3888fa+6902da]
	msedgedriver!(No symbol) [0x7ff62b69835d]
	msedgedriver!(No symbol) [0x7ff62b72303e]
	msedgedriver!(No symbol) [0x7ff62b73936f]
	msedgedriver!(No symbol) [0x7ff62b6f485c]
	msedgedriver!(No symbol) [0x7ff62b6f3ab6]
	msedgedriver!(No symbol) [0x7ff62b6f4683]
	msedgedriver!(No symbol) [0x7ff62b942ca1]
	msedgedriver!(No symbol) [0x7ff62b93f3f8]
	msedgedriver!(No symbol) [0x7ff62b94fe85]
	msedgedriver!GetHandleVerifier [0x7ff62bd228d1+2a2b1]
	msedgedriver!GetHandleVerifier [0x7ff62bd2b676+33056]
	msedgedriver!GetHandleVerifier [0x7ff62bd0e3e4+15dc4]
	msedgedriver!GetHandleVerifier [0x7ff62bd0e505+15ee5]
	msedgedriver!GetHandleVerifier [0x7ff62bcfab13+24f3]
	KERNEL32!BaseThreadInitThunk [0x7ff86926e957+17]
	ntdll!RtlUserThreadStart [0x7ff86a607c1c+2c]
</status>
</kw>
<kw name="Closing the Browser Session" owner="CommonKeywords" type="TEARDOWN">
<kw name="Close Browser" owner="SeleniumLibrary">
<doc>Closes the current browser.</doc>
<status status="PASS" start="2026-06-15T19:31:28.331493" elapsed="8.934390"/>
</kw>
<status status="PASS" start="2026-06-15T19:31:28.330803" elapsed="8.935224"/>
</kw>
<status status="FAIL" start="2026-06-15T19:30:52.293028" elapsed="44.973067">Setup failed:
NoSuchWindowException: Message: no such window: target window already closed
from unknown error: web view not found
  (Session info: MicrosoftEdge=149.0.4022.69)
Stacktrace:
	msedgedriver!GetHandleVerifier [0x7ff62bd06925+e305]
	msedgedriver!GetHandleVerifier [0x7ff62bd06984+e364]
	msedgedriver!GetHandleVerifier [0x7ff62c3888fa+6902da]
	msedgedriver!(No symbol) [0x7ff62b69835d]
	msedgedriver!(No symbol) [0x7ff62b72303e]
	msedgedriver!(No symbol) [0x7ff62b73936f]
	msedgedriver!(No symbol) [0x7ff62b6f485c]
	msedgedriver!(No symbol) [0x7ff62b6f3ab6]
	msedgedriver!(No symbol) [0x7ff62b6f4683]
	msedgedriver!(No symbol) [0x7ff62b942ca1]
	msedgedriver!(No symbol) [0x7ff62b93f3f8]
	msedgedriver!(No symbol) [0x7ff62b94fe85]
	msedgedriver!GetHandleVerifier [0x7ff62bd228d1+2a2b1]
	msedgedriver!GetHandleVerifier [0x7ff62bd2b676+33056]
	msedgedriver!GetHandleVerifier [0x7ff62bd0e3e4+15dc4]
	msedgedriver!GetHandleVerifier [0x7ff62bd0e505+15ee5]
	msedgedriver!GetHandleVerifier [0x7ff62bcfab13+24f3]
	KERNEL32!BaseThreadInitThunk [0x7ff86926e957+17]
	ntdll!RtlUserThreadStart [0x7ff86a607c1c+2c]
</status>
</test>
<doc>This is the test case file</doc>
<status status="FAIL" start="2026-06-15T19:30:46.498811" elapsed="50.767769"/>
</suite>
<status status="FAIL" start="2026-06-15T19:30:45.839632" elapsed="51.427497"/>
</suite>
<statistics>
<total>
<stat pass="0" fail="1" skip="0">All Tests</stat>
</total>
<tag>
</tag>
<suite>
<stat name="TestCases" id="s1" pass="0" fail="1" skip="0">TestCases</stat>
<stat name="EX04 Admin UserManagement" id="s1-s1" pass="0" fail="1" skip="0">TestCases.EX04 Admin UserManagement</stat>
</suite>
</statistics>
<errors>
<msg time="2026-06-15T19:31:27.446852" level="WARN">Keyword 'Capture Page Screenshot' could not be run on failure: Message: no such window: target window already closed
from unknown error: web view not found
  (Session info: MicrosoftEdge=149.0.4022.69)
Stacktrace:
	msedgedriver!GetHandleVerifier [0x7ff62bd06925+e305]
	msedgedriver!GetHandleVerifier [0x7ff62bd06984+e364]
	msedgedriver!GetHandleVerifier [0x7ff62c3888fa+6902da]
	msedgedriver!(No symbol) [0x7ff62b69835d]
	msedgedriver!(No symbol) [0x7ff62b72303e]
	msedgedriver!(No symbol) [0x7ff62b73936f]
	msedgedriver!(No symbol) [0x7ff62b6f485c]
	msedgedriver!(No symbol) [0x7ff62b6f3ab6]
	msedgedriver!(No symbol) [0x7ff62b6f4683]
	msedgedriver!(No symbol) [0x7ff62b942ca1]
	msedgedriver!(No symbol) [0x7ff62b93f3f8]
	msedgedriver!(No symbol) [0x7ff62b94fe85]
	msedgedriver!GetHandleVerifier [0x7ff62bd228d1+2a2b1]
	msedgedriver!GetHandleVerifier [0x7ff62bd2b676+33056]
	msedgedriver!GetHandleVerifier [0x7ff62bd0e3e4+15dc4]
	msedgedriver!GetHandleVerifier [0x7ff62bd0e505+15ee5]
	msedgedriver!GetHandleVerifier [0x7ff62bcfab13+24f3]
	KERNEL32!BaseThreadInitThunk [0x7ff86926e957+17]
	ntdll!RtlUserThreadStart [0x7ff86a607c1c+2c]
</msg>
</errors>
</robot>
