<?xml version="1.0" encoding="UTF-8"?>
<robot generator="Robot 7.4.2 (Python 3.14.5 on win32)" generated="2026-06-15T19:30:46.993914" rpa="false" schemaversion="5">
<suite id="s1" name="TestCases" source="C:\Users\SURYA\PycharmProjects\Automation\TestCases">
<suite id="s1-s1" name="EX06 Admin JobTitle" source="C:\Users\SURYA\PycharmProjects\Automation\TestCases\EX06_Admin_JobTitle.robot">
<test id="s1-s1-t1" name="Verification of Adding and Verifying required fields" line="10">
<kw name="Open the OrangeHRM application and login with valid credentials" owner="CommonKeywords" type="SETUP">
<kw name="Create Webdriver" owner="SeleniumLibrary">
<msg time="2026-06-15T19:30:52.524507" level="INFO">Creating an instance of the Edge WebDriver.</msg>
<arg>${browser}</arg>
<doc>Creates an instance of Selenium WebDriver.</doc>
<status status="PASS" start="2026-06-15T19:30:52.293337" elapsed="14.478216"/>
</kw>
<kw name="Maximize Browser Window" owner="SeleniumLibrary">
<doc>Maximizes current browser window.</doc>
<status status="PASS" start="2026-06-15T19:31:06.772230" elapsed="0.546924"/>
</kw>
<kw name="Set Selenium Speed" owner="SeleniumLibrary">
<arg>0.5 seconds</arg>
<doc>Sets the delay that is waited after each Selenium command.</doc>
<status status="PASS" start="2026-06-15T19:31:07.319518" elapsed="0.000462"/>
</kw>
<kw name="Go To" owner="SeleniumLibrary">
<msg time="2026-06-15T19:31:07.320538" level="INFO">Opening url 'https://opensource-demo.orangehrmlive.com/web/index.php/auth/login'</msg>
<arg>${url}</arg>
<doc>Navigates the current browser window to the provided ``url``.</doc>
<status status="PASS" start="2026-06-15T19:31:07.320233" elapsed="18.112497"/>
</kw>
<kw name="Wait Until Element Is Visible" owner="SeleniumLibrary">
<msg time="2026-06-15T19:31:25.436577" level="WARN">Keyword 'Capture Page Screenshot' could not be run on failure: Message: no such window: target window already closed
from unknown error: web view not found
  (Session info: MicrosoftEdge=149.0.4022.69)
Stacktrace:
	msedgedriver!GetHandleVerifier [0x7ff62bd06925+e305]
	msedgedriver!GetHandleVerifier [0x7ff62bd06984+e364]
	msedgedriver!GetHandleVerifier [0x7ff62c3888fa+6902da]
	msedgedriver!(No symbol) [0x7ff62b69835d]
	msedgedriver!(No symbol) [0x7ff62b72303e]
	msedgedriver!(No symbol) [0x7ff62b73936f]
	msedgedriver!(No symbol) [0x7ff62b6f485c]
	msedgedriver!(No symbol) [0x7ff62b6f3ab6]
	msedgedriver!(No symbol) [0x7ff62b6f4683]
	msedgedriver!(No symbol) [0x7ff62b942ca1]
	msedgedriver!(No symbol) [0x7ff62b93f3f8]
	msedgedriver!(No symbol) [0x7ff62b94fe85]
	msedgedriver!GetHandleVerifier [0x7ff62bd228d1+2a2b1]
	msedgedriver!GetHandleVerifier [0x7ff62bd2b676+33056]
	msedgedriver!GetHandleVerifier [0x7ff62bd0e3e4+15dc4]
	msedgedriver!GetHandleVerifier [0x7ff62bd0e505+15ee5]
	msedgedriver!GetHandleVerifier [0x7ff62bcfab13+24f3]
	KERNEL32!BaseThreadInitThunk [0x7ff86926e957+17]
	ntdll!RtlUserThreadStart [0x7ff86a607c1c+2c]
</msg>
<msg time="2026-06-15T19:31:25.436976" level="FAIL">NoSuchWindowException: Message: no such window: target window already closed
from unknown error: web view not found
  (Session info: MicrosoftEdge=149.0.4022.69)
Stacktrace:
	msedgedriver!GetHandleVerifier [0x7ff62bd06925+e305]
	msedgedriver!GetHandleVerifier [0x7ff62bd06984+e364]
	msedgedriver!GetHandleVerifier [0x7ff62c3888fa+6902da]
	msedgedriver!(No symbol) [0x7ff62b69835d]
	msedgedriver!(No symbol) [0x7ff62b72303e]
	msedgedriver!(No symbol) [0x7ff62b73936f]
	msedgedriver!(No symbol) [0x7ff62b6f485c]
	msedgedriver!(No symbol) [0x7ff62b6f3ab6]
	msedgedriver!(No symbol) [0x7ff62b6f4683]
	msedgedriver!(No symbol) [0x7ff62b942ca1]
	msedgedriver!(No symbol) [0x7ff62b93f3f8]
	msedgedriver!(No symbol) [0x7ff62b94fe85]
	msedgedriver!GetHandleVerifier [0x7ff62bd228d1+2a2b1]
	msedgedriver!GetHandleVerifier [0x7ff62bd2b676+33056]
	msedgedriver!GetHandleVerifier [0x7ff62bd0e3e4+15dc4]
	msedgedriver!GetHandleVerifier [0x7ff62bd0e505+15ee5]
	msedgedriver!GetHandleVerifier [0x7ff62bcfab13+24f3]
	KERNEL32!BaseThreadInitThunk [0x7ff86926e957+17]
	ntdll!RtlUserThreadStart [0x7ff86a607c1c+2c]
</msg>
<arg>${username-loc}</arg>
<doc>Waits until the element ``locator`` is visible.</doc>
<status status="FAIL" start="2026-06-15T19:31:25.433046" elapsed="2.896191">NoSuchWindowException: Message: no such window: target window already closed
from unknown error: web view not found
  (Session info: MicrosoftEdge=149.0.4022.69)
Stacktrace:
	msedgedriver!GetHandleVerifier [0x7ff62bd06925+e305]
	msedgedriver!GetHandleVerifier [0x7ff62bd06984+e364]
	msedgedriver!GetHandleVerifier [0x7ff62c3888fa+6902da]
	msedgedriver!(No symbol) [0x7ff62b69835d]
	msedgedriver!(No symbol) [0x7ff62b72303e]
	msedgedriver!(No symbol) [0x7ff62b73936f]
	msedgedriver!(No symbol) [0x7ff62b6f485c]
	msedgedriver!(No symbol) [0x7ff62b6f3ab6]
	msedgedriver!(No symbol) [0x7ff62b6f4683]
	msedgedriver!(No symbol) [0x7ff62b942ca1]
	msedgedriver!(No symbol) [0x7ff62b93f3f8]
	msedgedriver!(No symbol) [0x7ff62b94fe85]
	msedgedriver!GetHandleVerifier [0x7ff62bd228d1+2a2b1]
	msedgedriver!GetHandleVerifier [0x7ff62bd2b676+33056]
	msedgedriver!GetHandleVerifier [0x7ff62bd0e3e4+15dc4]
	msedgedriver!GetHandleVerifier [0x7ff62bd0e505+15ee5]
	msedgedriver!GetHandleVerifier [0x7ff62bcfab13+24f3]
	KERNEL32!BaseThreadInitThunk [0x7ff86926e957+17]
	ntdll!RtlUserThreadStart [0x7ff86a607c1c+2c]
</status>
</kw>
<kw name="Input Text" owner="SeleniumLibrary">
<arg>${username-loc}</arg>
<arg>${validusername}</arg>
<doc>Types the given ``text`` into the text field identified by ``locator``.</doc>
<status status="NOT RUN" start="2026-06-15T19:31:28.329566" elapsed="0.000057"/>
</kw>
<kw name="Input Password" owner="SeleniumLibrary">
<arg>${password-loc}</arg>
<arg>${validpwd}</arg>
<doc>Types the given password into the text field identified by ``locator``.</doc>
<status status="NOT RUN" start="2026-06-15T19:31:28.329801" elapsed="0.000044"/>
</kw>
<kw name="Click Button" owner="SeleniumLibrary">
<arg>${submitbtn-loc}</arg>
<doc>Clicks the button identified by ``locator``.</doc>
<status status="NOT RUN" start="2026-06-15T19:31:28.330008" elapsed="0.000040"/>
</kw>
<status status="FAIL" start="2026-06-15T19:30:52.292286" elapsed="36.037985">NoSuchWindowException: Message: no such window: target window already closed
from unknown error: web view not found
  (Session info: MicrosoftEdge=149.0.4022.69)
Stacktrace:
	msedgedriver!GetHandleVerifier [0x7ff62bd06925+e305]
	msedgedriver!GetHandleVerifier [0x7ff62bd06984+e364]
	msedgedriver!GetHandleVerifier [0x7ff62c3888fa+6902da]
	msedgedriver!(No symbol) [0x7ff62b69835d]
	msedgedriver!(No symbol) [0x7ff62b72303e]
	msedgedriver!(No symbol) [0x7ff62b73936f]
	msedgedriver!(No symbol) [0x7ff62b6f485c]
	msedgedriver!(No symbol) [0x7ff62b6f3ab6]
	msedgedriver!(No symbol) [0x7ff62b6f4683]
	msedgedriver!(No symbol) [0x7ff62b942ca1]
	msedgedriver!(No symbol) [0x7ff62b93f3f8]
	msedgedriver!(No symbol) [0x7ff62b94fe85]
	msedgedriver!GetHandleVerifier [0x7ff62bd228d1+2a2b1]
	msedgedriver!GetHandleVerifier [0x7ff62bd2b676+33056]
	msedgedriver!GetHandleVerifier [0x7ff62bd0e3e4+15dc4]
	msedgedriver!GetHandleVerifier [0x7ff62bd0e505+15ee5]
	msedgedriver!GetHandleVerifier [0x7ff62bcfab13+24f3]
	KERNEL32!BaseThreadInitThunk [0x7ff86926e957+17]
	ntdll!RtlUserThreadStart [0x7ff86a607c1c+2c]
</status>
</kw>
<kw name="Closing the Browser Session" owner="CommonKeywords" type="TEARDOWN">
<kw name="Close Browser" owner="SeleniumLibrary">
<doc>Closes the current browser.</doc>
<status status="PASS" start="2026-06-15T19:31:28.331328" elapsed="9.057951"/>
</kw>
<status status="PASS" start="2026-06-15T19:31:28.330771" elapsed="9.058666"/>
</kw>
<status status="FAIL" start="2026-06-15T19:30:52.291408" elapsed="45.098121">Setup failed:
NoSuchWindowException: Message: no such window: target window already closed
from unknown error: web view not found
  (Session info: MicrosoftEdge=149.0.4022.69)
Stacktrace:
	msedgedriver!GetHandleVerifier [0x7ff62bd06925+e305]
	msedgedriver!GetHandleVerifier [0x7ff62bd06984+e364]
	msedgedriver!GetHandleVerifier [0x7ff62c3888fa+6902da]
	msedgedriver!(No symbol) [0x7ff62b69835d]
	msedgedriver!(No symbol) [0x7ff62b72303e]
	msedgedriver!(No symbol) [0x7ff62b73936f]
	msedgedriver!(No symbol) [0x7ff62b6f485c]
	msedgedriver!(No symbol) [0x7ff62b6f3ab6]
	msedgedriver!(No symbol) [0x7ff62b6f4683]
	msedgedriver!(No symbol) [0x7ff62b942ca1]
	msedgedriver!(No symbol) [0x7ff62b93f3f8]
	msedgedriver!(No symbol) [0x7ff62b94fe85]
	msedgedriver!GetHandleVerifier [0x7ff62bd228d1+2a2b1]
	msedgedriver!GetHandleVerifier [0x7ff62bd2b676+33056]
	msedgedriver!GetHandleVerifier [0x7ff62bd0e3e4+15dc4]
	msedgedriver!GetHandleVerifier [0x7ff62bd0e505+15ee5]
	msedgedriver!GetHandleVerifier [0x7ff62bcfab13+24f3]
	KERNEL32!BaseThreadInitThunk [0x7ff86926e957+17]
	ntdll!RtlUserThreadStart [0x7ff86a607c1c+2c]
</status>
</test>
<doc>This is the test case file</doc>
<status status="FAIL" start="2026-06-15T19:30:47.105422" elapsed="50.284751"/>
</suite>
<status status="FAIL" start="2026-06-15T19:30:46.995782" elapsed="50.395218"/>
</suite>
<statistics>
<total>
<stat pass="0" fail="1" skip="0">All Tests</stat>
</total>
<tag>
</tag>
<suite>
<stat name="TestCases" id="s1" pass="0" fail="1" skip="0">TestCases</stat>
<stat name="EX06 Admin JobTitle" id="s1-s1" pass="0" fail="1" skip="0">TestCases.EX06 Admin JobTitle</stat>
</suite>
</statistics>
<errors>
<msg time="2026-06-15T19:31:25.436577" level="WARN">Keyword 'Capture Page Screenshot' could not be run on failure: Message: no such window: target window already closed
from unknown error: web view not found
  (Session info: MicrosoftEdge=149.0.4022.69)
Stacktrace:
	msedgedriver!GetHandleVerifier [0x7ff62bd06925+e305]
	msedgedriver!GetHandleVerifier [0x7ff62bd06984+e364]
	msedgedriver!GetHandleVerifier [0x7ff62c3888fa+6902da]
	msedgedriver!(No symbol) [0x7ff62b69835d]
	msedgedriver!(No symbol) [0x7ff62b72303e]
	msedgedriver!(No symbol) [0x7ff62b73936f]
	msedgedriver!(No symbol) [0x7ff62b6f485c]
	msedgedriver!(No symbol) [0x7ff62b6f3ab6]
	msedgedriver!(No symbol) [0x7ff62b6f4683]
	msedgedriver!(No symbol) [0x7ff62b942ca1]
	msedgedriver!(No symbol) [0x7ff62b93f3f8]
	msedgedriver!(No symbol) [0x7ff62b94fe85]
	msedgedriver!GetHandleVerifier [0x7ff62bd228d1+2a2b1]
	msedgedriver!GetHandleVerifier [0x7ff62bd2b676+33056]
	msedgedriver!GetHandleVerifier [0x7ff62bd0e3e4+15dc4]
	msedgedriver!GetHandleVerifier [0x7ff62bd0e505+15ee5]
	msedgedriver!GetHandleVerifier [0x7ff62bcfab13+24f3]
	KERNEL32!BaseThreadInitThunk [0x7ff86926e957+17]
	ntdll!RtlUserThreadStart [0x7ff86a607c1c+2c]
</msg>
</errors>
</robot>
