<?xml version="1.0" encoding="UTF-8"?>
<robot generator="Robot 7.4.2 (Python 3.14.5 on win32)" generated="2026-06-15T19:31:05.298195" rpa="false" schemaversion="5">
<suite id="s1" name="TestCases" source="C:\Users\SURYA\PycharmProjects\Automation\TestCases">
<suite id="s1-s1" name="EX02 Login DataDriver" source="C:\Users\SURYA\PycharmProjects\Automation\TestCases\EX02_Login_DataDriver.robot">
<test id="s1-s1-t1" name="Login with the Admin1 and admin1234" line="12">
<kw name="Open the browser and go to OrangeHRM" owner="CommonKeywords" type="SETUP">
<kw name="Create Webdriver" owner="SeleniumLibrary">
<msg time="2026-06-15T19:31:07.108244" level="INFO">Creating an instance of the Edge WebDriver.</msg>
<msg time="2026-06-15T19:31:37.389277" level="INFO">Cannot capture screenshot because no browser is open.</msg>
<msg time="2026-06-15T19:31:37.389538" level="FAIL">WebDriverException: Message: unknown error: unable to discover open window in chrome
  (Session info: MicrosoftEdge=149.0.4022.69)
Stacktrace:
	msedgedriver!GetHandleVerifier [0x7ff62bd06925+e305]
	msedgedriver!GetHandleVerifier [0x7ff62bd06984+e364]
	msedgedriver!GetHandleVerifier [0x7ff62c3888fa+6902da]
	msedgedriver!(No symbol) [0x7ff62b69758c]
	msedgedriver!(No symbol) [0x7ff62b7292e8]
	msedgedriver!(No symbol) [0x7ff62b728b76]
	msedgedriver!(No symbol) [0x7ff62b6f485c]
	msedgedriver!(No symbol) [0x7ff62b6f3ab6]
	msedgedriver!(No symbol) [0x7ff62b6f4683]
	msedgedriver!(No symbol) [0x7ff62b942ca1]
	msedgedriver!(No symbol) [0x7ff62b93f3f8]
	msedgedriver!(No symbol) [0x7ff62b94fe85]
	msedgedriver!GetHandleVerifier [0x7ff62bd228d1+2a2b1]
	msedgedriver!GetHandleVerifier [0x7ff62bd2b676+33056]
	msedgedriver!GetHandleVerifier [0x7ff62bd0e3e4+15dc4]
	msedgedriver!GetHandleVerifier [0x7ff62bd0e505+15ee5]
	msedgedriver!GetHandleVerifier [0x7ff62bcfab13+24f3]
	KERNEL32!BaseThreadInitThunk [0x7ff86926e957+17]
	ntdll!RtlUserThreadStart [0x7ff86a607c1c+2c]
</msg>
<arg>${browser}</arg>
<doc>Creates an instance of Selenium WebDriver.</doc>
<status status="FAIL" start="2026-06-15T19:31:06.699962" elapsed="31.945432">WebDriverException: Message: unknown error: unable to discover open window in chrome
  (Session info: MicrosoftEdge=149.0.4022.69)
Stacktrace:
	msedgedriver!GetHandleVerifier [0x7ff62bd06925+e305]
	msedgedriver!GetHandleVerifier [0x7ff62bd06984+e364]
	msedgedriver!GetHandleVerifier [0x7ff62c3888fa+6902da]
	msedgedriver!(No symbol) [0x7ff62b69758c]
	msedgedriver!(No symbol) [0x7ff62b7292e8]
	msedgedriver!(No symbol) [0x7ff62b728b76]
	msedgedriver!(No symbol) [0x7ff62b6f485c]
	msedgedriver!(No symbol) [0x7ff62b6f3ab6]
	msedgedriver!(No symbol) [0x7ff62b6f4683]
	msedgedriver!(No symbol) [0x7ff62b942ca1]
	msedgedriver!(No symbol) [0x7ff62b93f3f8]
	msedgedriver!(No symbol) [0x7ff62b94fe85]
	msedgedriver!GetHandleVerifier [0x7ff62bd228d1+2a2b1]
	msedgedriver!GetHandleVerifier [0x7ff62bd2b676+33056]
	msedgedriver!GetHandleVerifier [0x7ff62bd0e3e4+15dc4]
	msedgedriver!GetHandleVerifier [0x7ff62bd0e505+15ee5]
	msedgedriver!GetHandleVerifier [0x7ff62bcfab13+24f3]
	KERNEL32!BaseThreadInitThunk [0x7ff86926e957+17]
	ntdll!RtlUserThreadStart [0x7ff86a607c1c+2c]
</status>
</kw>
<kw name="Maximize Browser Window" owner="SeleniumLibrary">
<doc>Maximizes current browser window.</doc>
<status status="NOT RUN" start="2026-06-15T19:31:38.645709" elapsed="0.000049"/>
</kw>
<kw name="Set Selenium Speed" owner="SeleniumLibrary">
<arg>0.5 seconds</arg>
<doc>Sets the delay that is waited after each Selenium command.</doc>
<status status="NOT RUN" start="2026-06-15T19:31:38.645871" elapsed="0.000030"/>
</kw>
<kw name="Go To" owner="SeleniumLibrary">
<arg>${url}</arg>
<doc>Navigates the current browser window to the provided ``url``.</doc>
<status status="NOT RUN" start="2026-06-15T19:31:38.646007" elapsed="0.000032"/>
</kw>
<status status="FAIL" start="2026-06-15T19:31:06.680081" elapsed="31.966110">WebDriverException: Message: unknown error: unable to discover open window in chrome
  (Session info: MicrosoftEdge=149.0.4022.69)
Stacktrace:
	msedgedriver!GetHandleVerifier [0x7ff62bd06925+e305]
	msedgedriver!GetHandleVerifier [0x7ff62bd06984+e364]
	msedgedriver!GetHandleVerifier [0x7ff62c3888fa+6902da]
	msedgedriver!(No symbol) [0x7ff62b69758c]
	msedgedriver!(No symbol) [0x7ff62b7292e8]
	msedgedriver!(No symbol) [0x7ff62b728b76]
	msedgedriver!(No symbol) [0x7ff62b6f485c]
	msedgedriver!(No symbol) [0x7ff62b6f3ab6]
	msedgedriver!(No symbol) [0x7ff62b6f4683]
	msedgedriver!(No symbol) [0x7ff62b942ca1]
	msedgedriver!(No symbol) [0x7ff62b93f3f8]
	msedgedriver!(No symbol) [0x7ff62b94fe85]
	msedgedriver!GetHandleVerifier [0x7ff62bd228d1+2a2b1]
	msedgedriver!GetHandleVerifier [0x7ff62bd2b676+33056]
	msedgedriver!GetHandleVerifier [0x7ff62bd0e3e4+15dc4]
	msedgedriver!GetHandleVerifier [0x7ff62bd0e505+15ee5]
	msedgedriver!GetHandleVerifier [0x7ff62bcfab13+24f3]
	KERNEL32!BaseThreadInitThunk [0x7ff86926e957+17]
	ntdll!RtlUserThreadStart [0x7ff86a607c1c+2c]
</status>
</kw>
<kw name="Closing the Browser Session" owner="CommonKeywords" type="TEARDOWN">
<kw name="Close Browser" owner="SeleniumLibrary">
<doc>Closes the current browser.</doc>
<status status="PASS" start="2026-06-15T19:31:38.646823" elapsed="0.000139"/>
</kw>
<status status="PASS" start="2026-06-15T19:31:38.646523" elapsed="0.000515"/>
</kw>
<status status="FAIL" start="2026-06-15T19:31:06.584273" elapsed="32.062823">Setup failed:
WebDriverException: Message: unknown error: unable to discover open window in chrome
  (Session info: MicrosoftEdge=149.0.4022.69)
Stacktrace:
	msedgedriver!GetHandleVerifier [0x7ff62bd06925+e305]
	msedgedriver!GetHandleVerifier [0x7ff62bd06984+e364]
	msedgedriver!GetHandleVerifier [0x7ff62c3888fa+6902da]
	msedgedriver!(No symbol) [0x7ff62b69758c]
	msedgedriver!(No symbol) [0x7ff62b7292e8]
	msedgedriver!(No symbol) [0x7ff62b728b76]
	msedgedriver!(No symbol) [0x7ff62b6f485c]
	msedgedriver!(No symbol) [0x7ff62b6f3ab6]
	msedgedriver!(No symbol) [0x7ff62b6f4683]
	msedgedriver!(No symbol) [0x7ff62b942ca1]
	msedgedriver!(No symbol) [0x7ff62b93f3f8]
	msedgedriver!(No symbol) [0x7ff62b94fe85]
	msedgedriver!GetHandleVerifier [0x7ff62bd228d1+2a2b1]
	msedgedriver!GetHandleVerifier [0x7ff62bd2b676+33056]
	msedgedriver!GetHandleVerifier [0x7ff62bd0e3e4+15dc4]
	msedgedriver!GetHandleVerifier [0x7ff62bd0e505+15ee5]
	msedgedriver!GetHandleVerifier [0x7ff62bcfab13+24f3]
	KERNEL32!BaseThreadInitThunk [0x7ff86926e957+17]
	ntdll!RtlUserThreadStart [0x7ff86a607c1c+2c]
</status>
</test>
<doc>This is the test case file</doc>
<status status="FAIL" start="2026-06-15T19:31:05.810888" elapsed="32.836737"/>
</suite>
<status status="FAIL" start="2026-06-15T19:31:05.671556" elapsed="32.976675"/>
</suite>
<statistics>
<total>
<stat pass="0" fail="1" skip="0">All Tests</stat>
</total>
<tag>
</tag>
<suite>
<stat name="TestCases" id="s1" pass="0" fail="1" skip="0">TestCases</stat>
<stat name="EX02 Login DataDriver" id="s1-s1" pass="0" fail="1" skip="0">TestCases.EX02 Login DataDriver</stat>
</suite>
</statistics>
<errors>
</errors>
</robot>
