<?xml version="1.0" encoding="UTF-8"?>
<robot generator="Robot 7.4.2 (Python 3.14.5 on win32)" generated="2026-06-15T19:20:52.596090" rpa="false" schemaversion="5">
<suite id="s1" name="TestCases" source="C:\Users\SURYA\PycharmProjects\Automation\TestCases">
<suite id="s1-s1" name="EX01 Login Resources" source="C:\Users\SURYA\PycharmProjects\Automation\TestCases\EX01_Login_Resources.robot">
<test id="s1-s1-t1" name="Verification of Login Page Title" line="11">
<kw name="Open the browser and go to OrangeHRM" owner="CommonKeywords" type="SETUP">
<kw name="Create Webdriver" owner="SeleniumLibrary">
<msg time="2026-06-15T19:20:56.212263" level="INFO">Creating an instance of the Edge WebDriver.</msg>
<arg>${browser}</arg>
<doc>Creates an instance of Selenium WebDriver.</doc>
<status status="PASS" start="2026-06-15T19:20:56.024329" elapsed="90.009200"/>
</kw>
<kw name="Maximize Browser Window" owner="SeleniumLibrary">
<msg time="2026-06-15T19:26:26.393214" level="WARN">Retrying (Retry(total=2, connect=None, read=None, redirect=None, status=None)) after connection broken by 'ReadTimeoutError("HTTPConnectionPool(host='localhost', port=61998): Read timed out. (read timeout=120)")': /session/4f8acb6eacd27e9f4bad64ab5917676f/screenshot</msg>
<msg time="2026-06-15T19:28:26.438689" level="WARN">Retrying (Retry(total=1, connect=None, read=None, redirect=None, status=None)) after connection broken by 'ReadTimeoutError("HTTPConnectionPool(host='localhost', port=61998): Read timed out. (read timeout=120)")': /session/4f8acb6eacd27e9f4bad64ab5917676f/screenshot</msg>
<msg time="2026-06-15T19:30:26.447716" level="WARN">Retrying (Retry(total=0, connect=None, read=None, redirect=None, status=None)) after connection broken by 'ReadTimeoutError("HTTPConnectionPool(host='localhost', port=61998): Read timed out. (read timeout=120)")': /session/4f8acb6eacd27e9f4bad64ab5917676f/screenshot</msg>
<msg time="2026-06-15T19:31:01.197702" level="WARN">Keyword 'Capture Page Screenshot' could not be run on failure: 'NoneType' object has no attribute 'encode'</msg>
<msg time="2026-06-15T19:31:01.200528" level="FAIL">ReadTimeoutError: HTTPConnectionPool(host='localhost', port=61998): Read timed out. (read timeout=120)</msg>
<doc>Maximizes current browser window.</doc>
<status status="FAIL" start="2026-06-15T19:22:26.033961" elapsed="515.418259">ReadTimeoutError: HTTPConnectionPool(host='localhost', port=61998): Read timed out. (read timeout=120)</status>
</kw>
<kw name="Set Selenium Speed" owner="SeleniumLibrary">
<arg>0.5 seconds</arg>
<doc>Sets the delay that is waited after each Selenium command.</doc>
<status status="NOT RUN" start="2026-06-15T19:31:01.453004" elapsed="0.000125"/>
</kw>
<kw name="Go To" owner="SeleniumLibrary">
<arg>${url}</arg>
<doc>Navigates the current browser window to the provided ``url``.</doc>
<status status="NOT RUN" start="2026-06-15T19:31:01.453712" elapsed="0.000100"/>
</kw>
<status status="FAIL" start="2026-06-15T19:20:56.003779" elapsed="605.451017">ReadTimeoutError: HTTPConnectionPool(host='localhost', port=61998): Read timed out. (read timeout=120)</status>
</kw>
<kw name="Closing the Browser Session" owner="CommonKeywords" type="TEARDOWN">
<kw name="Close Browser" owner="SeleniumLibrary">
<doc>Closes the current browser.</doc>
<status status="PASS" start="2026-06-15T19:31:01.459117" elapsed="36.529287"/>
</kw>
<status status="PASS" start="2026-06-15T19:31:01.457092" elapsed="36.531691"/>
</kw>
<status status="FAIL" start="2026-06-15T19:20:56.003111" elapsed="641.985833">Setup failed:
ReadTimeoutError: HTTPConnectionPool(host='localhost', port=61998): Read timed out. (read timeout=120)</status>
</test>
<doc>This is the test case file</doc>
<status status="FAIL" start="2026-06-15T19:20:53.051729" elapsed="644.939757"/>
</suite>
<status status="FAIL" start="2026-06-15T19:20:52.617678" elapsed="645.384711"/>
</suite>
<statistics>
<total>
<stat pass="0" fail="1" skip="0">All Tests</stat>
</total>
<tag>
</tag>
<suite>
<stat name="TestCases" id="s1" pass="0" fail="1" skip="0">TestCases</stat>
<stat name="EX01 Login Resources" id="s1-s1" pass="0" fail="1" skip="0">TestCases.EX01 Login Resources</stat>
</suite>
</statistics>
<errors>
<msg time="2026-06-15T19:26:26.393214" level="WARN">Retrying (Retry(total=2, connect=None, read=None, redirect=None, status=None)) after connection broken by 'ReadTimeoutError("HTTPConnectionPool(host='localhost', port=61998): Read timed out. (read timeout=120)")': /session/4f8acb6eacd27e9f4bad64ab5917676f/screenshot</msg>
<msg time="2026-06-15T19:28:26.438689" level="WARN">Retrying (Retry(total=1, connect=None, read=None, redirect=None, status=None)) after connection broken by 'ReadTimeoutError("HTTPConnectionPool(host='localhost', port=61998): Read timed out. (read timeout=120)")': /session/4f8acb6eacd27e9f4bad64ab5917676f/screenshot</msg>
<msg time="2026-06-15T19:30:26.447716" level="WARN">Retrying (Retry(total=0, connect=None, read=None, redirect=None, status=None)) after connection broken by 'ReadTimeoutError("HTTPConnectionPool(host='localhost', port=61998): Read timed out. (read timeout=120)")': /session/4f8acb6eacd27e9f4bad64ab5917676f/screenshot</msg>
<msg time="2026-06-15T19:31:01.197702" level="WARN">Keyword 'Capture Page Screenshot' could not be run on failure: 'NoneType' object has no attribute 'encode'</msg>
</errors>
</robot>
