<?xml version="1.0" encoding="UTF-8"?>
<robot generator="Robot 7.4.2 (Python 3.14.5 on win32)" generated="2026-06-15T19:21:04.072622" rpa="false" schemaversion="5">
<suite id="s1" name="TestCases" source="C:\Users\SURYA\PycharmProjects\Automation\TestCases">
<suite id="s1-s1" name="EX03 Dashboard" source="C:\Users\SURYA\PycharmProjects\Automation\TestCases\EX03_Dashboard.robot">
<test id="s1-s1-t1" name="Verify Dashboard After Login" line="10">
<kw name="Open the OrangeHRM application and login with valid credentials" owner="CommonKeywords" type="SETUP">
<kw name="Create Webdriver" owner="SeleniumLibrary">
<msg time="2026-06-15T19:21:06.040727" level="INFO">Creating an instance of the Edge WebDriver.</msg>
<arg>${browser}</arg>
<doc>Creates an instance of Selenium WebDriver.</doc>
<status status="PASS" start="2026-06-15T19:21:05.939940" elapsed="80.093579"/>
</kw>
<kw name="Maximize Browser Window" owner="SeleniumLibrary">
<msg time="2026-06-15T19:26:26.363408" level="WARN">Retrying (Retry(total=2, connect=None, read=None, redirect=None, status=None)) after connection broken by 'ReadTimeoutError("HTTPConnectionPool(host='localhost', port=60140): Read timed out. (read timeout=120)")': /session/abb7ee02a8fdb846aca19d591db48757/screenshot</msg>
<msg time="2026-06-15T19:28:26.408175" level="WARN">Retrying (Retry(total=1, connect=None, read=None, redirect=None, status=None)) after connection broken by 'ReadTimeoutError("HTTPConnectionPool(host='localhost', port=60140): Read timed out. (read timeout=120)")': /session/abb7ee02a8fdb846aca19d591db48757/screenshot</msg>
<msg time="2026-06-15T19:30:26.414742" level="WARN">Retrying (Retry(total=0, connect=None, read=None, redirect=None, status=None)) after connection broken by 'ReadTimeoutError("HTTPConnectionPool(host='localhost', port=60140): Read timed out. (read timeout=120)")': /session/abb7ee02a8fdb846aca19d591db48757/screenshot</msg>
<msg time="2026-06-15T19:30:57.270547" level="WARN">Keyword 'Capture Page Screenshot' could not be run on failure: 'NoneType' object has no attribute 'encode'</msg>
<msg time="2026-06-15T19:30:57.271911" level="FAIL">ReadTimeoutError: HTTPConnectionPool(host='localhost', port=60140): Read timed out. (read timeout=120)</msg>
<doc>Maximizes current browser window.</doc>
<status status="FAIL" start="2026-06-15T19:22:26.033967" elapsed="511.502672">ReadTimeoutError: HTTPConnectionPool(host='localhost', port=60140): Read timed out. (read timeout=120)</status>
</kw>
<kw name="Set Selenium Speed" owner="SeleniumLibrary">
<arg>0.5 seconds</arg>
<doc>Sets the delay that is waited after each Selenium command.</doc>
<status status="NOT RUN" start="2026-06-15T19:30:57.537427" elapsed="0.000115"/>
</kw>
<kw name="Go To" owner="SeleniumLibrary">
<arg>${url}</arg>
<doc>Navigates the current browser window to the provided ``url``.</doc>
<status status="NOT RUN" start="2026-06-15T19:30:57.537897" elapsed="0.000068"/>
</kw>
<kw name="Wait Until Element Is Visible" owner="SeleniumLibrary">
<arg>${username-loc}</arg>
<doc>Waits until the element ``locator`` is visible.</doc>
<status status="NOT RUN" start="2026-06-15T19:30:57.538254" elapsed="0.000062"/>
</kw>
<kw name="Input Text" owner="SeleniumLibrary">
<arg>${username-loc}</arg>
<arg>${validusername}</arg>
<doc>Types the given ``text`` into the text field identified by ``locator``.</doc>
<status status="NOT RUN" start="2026-06-15T19:30:57.538575" elapsed="0.000065"/>
</kw>
<kw name="Input Password" owner="SeleniumLibrary">
<arg>${password-loc}</arg>
<arg>${validpwd}</arg>
<doc>Types the given password into the text field identified by ``locator``.</doc>
<status status="NOT RUN" start="2026-06-15T19:30:57.538905" elapsed="0.000093"/>
</kw>
<kw name="Click Button" owner="SeleniumLibrary">
<arg>${submitbtn-loc}</arg>
<doc>Clicks the button identified by ``locator``.</doc>
<status status="NOT RUN" start="2026-06-15T19:30:57.539382" elapsed="0.000091"/>
</kw>
<status status="FAIL" start="2026-06-15T19:21:05.939333" elapsed="591.600845">ReadTimeoutError: HTTPConnectionPool(host='localhost', port=60140): Read timed out. (read timeout=120)</status>
</kw>
<kw name="Closing the Browser Session" owner="CommonKeywords" type="TEARDOWN">
<kw name="Close Browser" owner="SeleniumLibrary">
<doc>Closes the current browser.</doc>
<status status="PASS" start="2026-06-15T19:30:57.543976" elapsed="18.560607"/>
</kw>
<status status="PASS" start="2026-06-15T19:30:57.542535" elapsed="18.780070"/>
</kw>
<status status="FAIL" start="2026-06-15T19:21:05.938665" elapsed="610.384129">Setup failed:
ReadTimeoutError: HTTPConnectionPool(host='localhost', port=60140): Read timed out. (read timeout=120)</status>
</test>
<doc>This is the test case file</doc>
<status status="FAIL" start="2026-06-15T19:21:04.238587" elapsed="612.924714"/>
</suite>
<status status="FAIL" start="2026-06-15T19:21:04.074262" elapsed="614.123991"/>
</suite>
<statistics>
<total>
<stat pass="0" fail="1" skip="0">All Tests</stat>
</total>
<tag>
</tag>
<suite>
<stat name="TestCases" id="s1" pass="0" fail="1" skip="0">TestCases</stat>
<stat name="EX03 Dashboard" id="s1-s1" pass="0" fail="1" skip="0">TestCases.EX03 Dashboard</stat>
</suite>
</statistics>
<errors>
<msg time="2026-06-15T19:26:26.363408" level="WARN">Retrying (Retry(total=2, connect=None, read=None, redirect=None, status=None)) after connection broken by 'ReadTimeoutError("HTTPConnectionPool(host='localhost', port=60140): Read timed out. (read timeout=120)")': /session/abb7ee02a8fdb846aca19d591db48757/screenshot</msg>
<msg time="2026-06-15T19:28:26.408175" level="WARN">Retrying (Retry(total=1, connect=None, read=None, redirect=None, status=None)) after connection broken by 'ReadTimeoutError("HTTPConnectionPool(host='localhost', port=60140): Read timed out. (read timeout=120)")': /session/abb7ee02a8fdb846aca19d591db48757/screenshot</msg>
<msg time="2026-06-15T19:30:26.414742" level="WARN">Retrying (Retry(total=0, connect=None, read=None, redirect=None, status=None)) after connection broken by 'ReadTimeoutError("HTTPConnectionPool(host='localhost', port=60140): Read timed out. (read timeout=120)")': /session/abb7ee02a8fdb846aca19d591db48757/screenshot</msg>
<msg time="2026-06-15T19:30:57.270547" level="WARN">Keyword 'Capture Page Screenshot' could not be run on failure: 'NoneType' object has no attribute 'encode'</msg>
</errors>
</robot>
